[Sun Dec 16 18:53:16.402 2012] 0.000 sec [any/0/rel 0 (0,20)] [*] детективы
[Sun Dec 16 18:53:21.655 2012] 0.000 sec [any/0/rel 0 (0,20)] [*] детективы
[Sun Dec 16 18:53:22.717 2012] 0.000 sec [any/0/rel 0 (0,20)] [*] детективы
[Sun Dec 16 18:53:23.221 2012] 0.000 sec [any/0/rel 0 (0,20)] [*] детективы
[Sun Dec 16 18:53:23.595 2012] 0.000 sec [any/0/rel 0 (0,20)] [*] детективы
[Sun Dec 16 18:53:23.976 2012] 0.000 sec [any/0/rel 0 (0,20)] [*] детективы
[Sun Dec 16 18:53:42.385 2012] 0.000 sec [any/0/rel 0 (0,20)] [*] детективы
[Sun Dec 16 18:53:43.322 2012] 0.000 sec [any/0/rel 0 (0,20)] [*] детективы
[Sun Dec 16 18:53:46.032 2012] 0.000 sec [any/0/rel 0 (0,20)] [*] детективы
[Sun Dec 16 18:54:32.655 2012] 0.000 sec [any/0/rel 0 (0,20)] [*] приключения
[Sun Dec 16 18:55:06.683 2012] 0.000 sec [any/0/rel 0 (0,20)] [*] приключения
[Sun Dec 16 19:05:24.171 2012] 0.000 sec [any/0/rel 56 (0,20)] [*] приключения
[Sun Dec 16 19:06:41.738 2012] 0.000 sec [any/0/rel 56 (0,20)] [*] приключения
[Sun Dec 16 19:18:10.633 2012] 0.000 sec [all/0/rel 2 (0,20)] [*] Веселые и грустные произведения У. Шекспира (комплект из 5 аудиокниг MP3)
[Sun Dec 16 19:18:57.365 2012] 0.000 sec [all/0/rel 2 (0,20)] [*] Веселые и грустные произведения У. Шекспира
[Sun Dec 16 19:18:58.429 2012] 0.001 sec [all/0/rel 2 (0,20)] [*] Веселые и грустные произведения У. Шекспира
[Sun Dec 16 19:18:59.211 2012] 0.000 sec [all/0/rel 2 (0,20)] [*] Веселые и грустные произведения У. Шекспира
[Sun Dec 16 19:19:09.713 2012] 0.001 sec [all/0/rel 2 (0,20)] [*] Веселые и грустные произведения Шекспира
[Sun Dec 16 19:19:10.508 2012] 0.000 sec [all/0/rel 2 (0,20)] [*] Веселые и грустные произведения Шекспира
[Sun Dec 16 19:19:11.174 2012] 0.000 sec [all/0/rel 2 (0,20)] [*] Веселые и грустные произведения Шекспира
[Sun Dec 16 19:19:12.008 2012] 0.000 sec [all/0/rel 2 (0,20)] [*] Веселые и грустные произведения Шекспира
[Sun Dec 16 19:19:53.199 2012] 0.000 sec [all/0/rel 2 (0,20)] [*] произведения Шекспира
[Sun Dec 16 19:19:54.051 2012] 0.000 sec [all/0/rel 2 (0,20)] [*] произведения Шекспира
[Sun Dec 16 19:19:55.274 2012] 0.000 sec [all/0/rel 2 (0,20)] [*] произведения Шекспира
[Sun Dec 16 19:20:00.788 2012] 0.000 sec [all/0/rel 2 (0,20)] [*] Произведения Шекспира
[Sun Dec 16 19:20:06.816 2012] 0.000 sec [all/0/rel 92 (0,20)] [*] Произведения
[Sun Dec 16 19:20:32.208 2012] 0.000 sec [all/0/rel 11 (0,20)] [*] Шекспира
[Sun Dec 16 19:20:34.111 2012] 0.001 sec [all/0/rel 11 (0,20)] [*] Шекспира
[Sun Dec 16 19:20:34.828 2012] 0.000 sec [all/0/rel 11 (0,20)] [*] Шекспира
[Sun Dec 16 19:20:35.653 2012] 0.000 sec [all/0/rel 11 (0,20)] [*] Шекспира
[Sun Dec 16 19:20:47.066 2012] 0.000 sec [all/0/rel 2 (0,20)] [*] грустные Шекспира
[Sun Dec 16 19:20:48.158 2012] 0.000 sec [all/0/rel 2 (0,20)] [*] грустные Шекспира
[Sun Dec 16 19:29:15.936 2012] 0.000 sec [all/0/rel 2 (0,20)] [*] грустные Шекспира
[Sun Dec 16 19:29:30.601 2012] 0.000 sec [all/0/rel 2 (0,20)] [*] грустные шекспира
[Sun Dec 16 19:29:35.872 2012] 0.000 sec [all/0/rel 2 (0,20)] [*] грустные шекспиру
[Sun Dec 16 19:29:36.829 2012] 0.000 sec [all/0/rel 2 (0,20)] [*] грустные шекспиру
[Sun Dec 16 19:29:41.001 2012] 0.000 sec [all/0/rel 2 (0,20)] [*] грустные шекспиром
[Sun Dec 16 19:29:42.238 2012] 0.000 sec [all/0/rel 2 (0,20)] [*] грустные шекспиром
[Sun Dec 16 19:29:45.379 2012] 0.000 sec [all/0/rel 0 (0,20)] [*] грустные шекспиромавв
[Sun Dec 16 19:29:46.260 2012] 0.000 sec [all/0/rel 0 (0,20)] [*] грустные шекспиромавв
[Sun Dec 16 19:29:54.831 2012] 0.000 sec [all/0/rel 2 (0,20)] [*] грустные шекспир
[Sun Dec 16 19:29:55.752 2012] 0.000 sec [all/0/rel 2 (0,20)] [*] грустные шекспир
[Sun Dec 16 19:29:56.723 2012] 0.000 sec [all/0/rel 2 (0,20)] [*] грустные шекспир
[Sun Dec 16 19:29:57.218 2012] 0.000 sec [all/0/rel 2 (0,20)] [*] грустные шекспир
[Sun Dec 16 19:30:04.311 2012] 0.000 sec [all/0/rel 0 (0,20)] [*] рыбалка
[Sun Dec 16 19:30:05.277 2012] 0.000 sec [all/0/rel 0 (0,20)] [*] рыбалка
[Sun Dec 16 19:30:21.801 2012] 0.000 sec [all/0/rel 89 (0,20)] [*] женщина
[Sun Dec 16 19:30:23.320 2012] 0.000 sec [all/0/rel 89 (0,20)] [*] женщина
[Sun Dec 16 19:30:33.757 2012] 0.000 sec [all/0/rel 2 (0,20)] [*] секс
[Sun Dec 16 19:31:23.344 2012] 0.000 sec [all/0/rel 1 (0,20)] [*] секс большой
[Sun Dec 16 19:31:24.385 2012] 0.000 sec [all/0/rel 1 (0,20)] [*] секс большой
[Sun Dec 16 19:31:25.331 2012] 0.000 sec [all/0/rel 1 (0,20)] [*] секс большой
[Sun Dec 16 19:31:26.053 2012] 0.000 sec [all/0/rel 1 (0,20)] [*] секс большой
[Sun Dec 16 20:04:08.559 2012] 0.000 sec [all/0/rel 0 (0,20)] [*] sdsd
[Sun Dec 16 20:04:13.623 2012] 0.000 sec [all/0/rel 2 (0,20)] [*] секс
[Sun Dec 16 20:04:28.057 2012] 0.000 sec [all/0/rel 11 (0,20)] [*] шекспир
[Sun Dec 16 20:04:34.620 2012] 0.000 sec [all/0/rel 0 (0,20)] [*] грустпн
[Sun Dec 16 20:04:37.883 2012] 0.000 sec [all/0/rel 0 (0,20)] [*] грустпный
[Sun Dec 16 20:04:51.183 2012] 0.000 sec [all/0/rel 4 (0,20)] [*] грустные
[Sun Dec 16 20:05:03.771 2012] 0.000 sec [all/0/rel 4 (0,20)] [*] грустные
[Sun Dec 16 20:05:27.482 2012] 0.000 sec [all/0/rel 2 (0,20)] [*] грустные шекспира
[Sun Dec 16 20:05:32.893 2012] 0.000 sec [all/0/rel 2 (0,20)] [*] грустн шекспира
[Sun Dec 16 20:05:33.926 2012] 0.000 sec [all/0/rel 2 (0,20)] [*] грустн шекспира
[Sun Dec 16 20:05:37.468 2012] 0.000 sec [all/0/rel 0 (0,20)] [*] грустн шекспи
[Sun Dec 16 20:05:40.100 2012] 0.000 sec [all/0/rel 2 (0,20)] [*] грустн шекспир
[Sun Dec 16 20:06:22.034 2012] 0.000 sec [all/0/rel 2 (0,20)] [*] грустн шекспир
[Sun Dec 16 20:07:02.643 2012] 0.000 sec [all/0/rel 2 (0,20)] [*] грустн шекспир
[Sun Dec 16 20:07:03.314 2012] 0.000 sec [all/0/rel 2 (0,20)] [*] грустн шекспир
[Sun Dec 16 20:07:17.845 2012] 0.000 sec [all/0/rel 2 (0,20)] [*] грустн шекспир
[Sun Dec 16 20:07:18.314 2012] 0.000 sec [all/0/rel 2 (0,20)] [*] грустн шекспир
[Sun Dec 16 20:07:30.149 2012] 0.000 sec [all/0/rel 2 (0,20)] [*] грустн шекспир
[Sun Dec 16 20:07:30.782 2012] 0.000 sec [all/0/rel 2 (0,20)] [*] грустн шекспир
[Sun Dec 16 20:07:31.349 2012] 0.000 sec [all/0/rel 2 (0,20)] [*] грустн шекспир
[Sun Dec 16 20:07:31.836 2012] 0.000 sec [all/0/rel 2 (0,20)] [*] грустн шекспир
[Sun Dec 16 20:07:32.378 2012] 0.000 sec [all/0/rel 2 (0,20)] [*] грустн шекспир
[Sun Dec 16 20:07:33.148 2012] 0.000 sec [all/0/rel 2 (0,20)] [*] грустн шекспир
[Sun Dec 16 20:07:33.948 2012] 0.000 sec [all/0/rel 2 (0,20)] [*] грустн шекспир
[Sun Dec 16 20:07:34.803 2012] 0.000 sec [all/0/rel 2 (0,20)] [*] грустн шекспир
[Sun Dec 16 20:07:56.068 2012] 0.000 sec [all/0/rel 3 (0,20)] [*] кукушкой
[Sun Dec 16 20:08:05.136 2012] 0.000 sec [all/0/rel 3 (0,20)] [*] кукушкой
[Sun Dec 16 20:08:18.974 2012] 0.000 sec [all/0/rel 3 (0,20)] [*] час кукушкой
[Sun Dec 16 20:08:50.557 2012] 0.000 sec [all/0/rel 273 (0,20)] [*] mp3
[Sun Dec 16 20:09:55.491 2012] 0.000 sec [all/0/rel 3 (0,20)] [*] жили были
[Sun Dec 16 20:10:25.033 2012] 0.000 sec [all/0/rel 1 (0,20)] [*] жили были двор
[Sun Dec 16 20:25:28.770 2012] 0.000 sec [all/0/rel 1 (0,20)] [*] жили были двор
[Sun Dec 16 20:25:29.735 2012] 0.000 sec [all/0/rel 1 (0,20)] [*] жили были двор
[Sun Dec 16 20:25:31.369 2012] 0.000 sec [all/0/rel 1 (0,20)] [*] жили были двор
[Sun Dec 16 20:25:33.068 2012] 0.000 sec [all/0/rel 1 (0,20)] [*] жили были двор
[Sun Dec 16 20:26:05.296 2012] 0.000 sec [all/0/rel 1 (0,20)] [*] мурочка царапыч
[Sun Dec 16 20:26:06.247 2012] 0.000 sec [all/0/rel 1 (0,20)] [*] мурочка царапыч
[Sun Dec 16 20:26:06.998 2012] 0.000 sec [all/0/rel 1 (0,20)] [*] мурочка царапыч
[Sun Dec 16 20:35:44.500 2012] 0.000 sec [all/0/rel 1 (0,20)] [*] мурочка царапыч
[Sun Dec 16 20:43:42.196 2012] 0.000 sec [all/0/rel 1 (0,20)] [*] мурочка царапыч
[Sun Dec 16 20:43:43.085 2012] 0.000 sec [all/0/rel 1 (0,20)] [*] мурочка царапыч
[Sun Dec 16 22:32:16.418 2012] 0.000 sec [all/0/rel 1 (0,20)] [*] мурочка царапыч
[Sun Dec 16 22:32:17.214 2012] 0.000 sec [all/0/rel 1 (0,20)] [*] мурочка царапыч
[Mon Dec 17 00:37:07.207 2012] 0.000 sec [all/0/rel 0 (0,20)] [*] css. 100
[Mon Dec 17 00:37:16.035 2012] 0.000 sec [all/0/rel 11 (0,20)] [*] шекспир
[Mon Dec 17 00:37:25.347 2012] 0.000 sec [all/0/rel 0 (0,20)] [*] css.
[Mon Dec 17 00:37:28.288 2012] 0.000 sec [all/0/rel 0 (0,20)] [*] css.
[Mon Dec 17 00:39:45.793 2012] 0.000 sec [all/0/rel 0 (0,20)] [*] python
[Mon Dec 17 00:42:50.264 2012] 0.001 sec [all/0/rel 1 (0,20)] [*] ночной позор
[Mon Dec 17 00:42:54.832 2012] 0.000 sec [all/0/rel 1 (0,20)] [*] ночной дозор
